<?xml version="1.0" encoding="UTF-8"?>
<testng-results ignored="0" total="2" passed="2" failed="0" skipped="0">
  <reporter-output>
  </reporter-output>
  <suite started-at="2024-05-12T16:41:19 SGT" name="Default suite" finished-at="2024-05-12T16:41:30 SGT" duration-ms="10907">
    <groups>
    </groups>
    <test started-at="2024-05-12T16:41:19 SGT" name="Default test" finished-at="2024-05-12T16:41:30 SGT" duration-ms="10907">
      <class name="Application.Tests.SubmitOrderTest">
        <test-method is-config="true" signature="launchApplication()[pri:0, instance:Application.Tests.SubmitOrderTest@1e0b4072]" started-at="2024-05-12T16:41:19 SGT" name="launchApplication" finished-at="2024-05-12T16:41:23 SGT" duration-ms="3619" status="PASS">
          <reporter-output>
          </reporter-output>
        </test-method> <!-- launchApplication -->
        <test-method signature="submitOrder()[pri:0, instance:Application.Tests.SubmitOrderTest@1e0b4072]" started-at="2024-05-12T16:41:23 SGT" name="submitOrder" finished-at="2024-05-12T16:41:26 SGT" duration-ms="3523" status="PASS">
          <reporter-output>
          </reporter-output>
        </test-method> <!-- submitOrder -->
        <test-method is-config="true" signature="closeApplication()[pri:0, instance:Application.Tests.SubmitOrderTest@1e0b4072]" started-at="2024-05-12T16:41:26 SGT" name="closeApplication" finished-at="2024-05-12T16:41:26 SGT" duration-ms="93" status="PASS">
          <reporter-output>
          </reporter-output>
        </test-method> <!-- closeApplication -->
        <test-method is-config="true" signature="launchApplication()[pri:0, instance:Application.Tests.SubmitOrderTest@1e0b4072]" started-at="2024-05-12T16:41:26 SGT" name="launchApplication" finished-at="2024-05-12T16:41:29 SGT" duration-ms="2916" status="PASS">
          <reporter-output>
          </reporter-output>
        </test-method> <!-- launchApplication -->
        <test-method signature="validateOrderPage()[pri:0, instance:Application.Tests.SubmitOrderTest@1e0b4072]" started-at="2024-05-12T16:41:29 SGT" name="validateOrderPage" finished-at="2024-05-12T16:41:30 SGT" depends-on-methods="Application.Tests.SubmitOrderTest.submitOrder" duration-ms="600" status="PASS">
          <reporter-output>
          </reporter-output>
        </test-method> <!-- validateOrderPage -->
        <test-method is-config="true" signature="closeApplication()[pri:0, instance:Application.Tests.SubmitOrderTest@1e0b4072]" started-at="2024-05-12T16:41:30 SGT" name="closeApplication" finished-at="2024-05-12T16:41:30 SGT" duration-ms="97" status="PASS">
          <reporter-output>
          </reporter-output>
        </test-method> <!-- closeApplication -->
      </class> <!-- Application.Tests.SubmitOrderTest -->
    </test> <!-- Default test -->
  </suite> <!-- Default suite -->
</testng-results>
