<?xml version="1.0" encoding="UTF-8"?>
<testng-results ignored="0" total="2" passed="2" failed="0" skipped="0">
  <reporter-output>
  </reporter-output>
  <suite started-at="2024-12-29T15:33:27 SGT" name="Default suite" finished-at="2024-12-29T15:33:41 SGT" duration-ms="14024">
    <groups>
    </groups>
    <test started-at="2024-12-29T15:33:27 SGT" name="Default test" finished-at="2024-12-29T15:33:41 SGT" duration-ms="14024">
      <class name="Application.Tests.SubmitOrderTest">
        <test-method is-config="true" signature="launchApplication()[pri:0, instance:Application.Tests.SubmitOrderTest@4d154ccd]" started-at="2024-12-29T15:33:27 SGT" name="launchApplication" finished-at="2024-12-29T15:33:32 SGT" duration-ms="4336" status="PASS">
          <reporter-output>
          </reporter-output>
        </test-method> <!-- launchApplication -->
        <test-method signature="submitOrder()[pri:0, instance:Application.Tests.SubmitOrderTest@4d154ccd]" started-at="2024-12-29T15:33:32 SGT" name="submitOrder" finished-at="2024-12-29T15:33:36 SGT" duration-ms="4463" status="PASS">
          <reporter-output>
          </reporter-output>
        </test-method> <!-- submitOrder -->
        <test-method is-config="true" signature="closeApplication()[pri:0, instance:Application.Tests.SubmitOrderTest@4d154ccd]" started-at="2024-12-29T15:33:36 SGT" name="closeApplication" finished-at="2024-12-29T15:33:36 SGT" duration-ms="100" status="PASS">
          <reporter-output>
          </reporter-output>
        </test-method> <!-- closeApplication -->
        <test-method is-config="true" signature="launchApplication()[pri:0, instance:Application.Tests.SubmitOrderTest@4d154ccd]" started-at="2024-12-29T15:33:36 SGT" name="launchApplication" finished-at="2024-12-29T15:33:40 SGT" duration-ms="4015" status="PASS">
          <reporter-output>
          </reporter-output>
        </test-method> <!-- launchApplication -->
        <test-method signature="validateOrderPage()[pri:0, instance:Application.Tests.SubmitOrderTest@4d154ccd]" started-at="2024-12-29T15:33:40 SGT" name="validateOrderPage" finished-at="2024-12-29T15:33:41 SGT" depends-on-methods="Application.Tests.SubmitOrderTest.submitOrder" duration-ms="942" status="PASS">
          <reporter-output>
          </reporter-output>
        </test-method> <!-- validateOrderPage -->
        <test-method is-config="true" signature="closeApplication()[pri:0, instance:Application.Tests.SubmitOrderTest@4d154ccd]" started-at="2024-12-29T15:33:41 SGT" name="closeApplication" finished-at="2024-12-29T15:33:41 SGT" duration-ms="107" status="PASS">
          <reporter-output>
          </reporter-output>
        </test-method> <!-- closeApplication -->
      </class> <!-- Application.Tests.SubmitOrderTest -->
    </test> <!-- Default test -->
  </suite> <!-- Default suite -->
</testng-results>
