<?xml version="1.0" encoding="UTF-8"?>
<testng-results ignored="0" total="1" passed="1" failed="0" skipped="0">
  <reporter-output>
  </reporter-output>
  <suite started-at="2025-01-04T22:57:25 SGT" name="Default suite" finished-at="2025-01-04T22:57:30 SGT" duration-ms="5322">
    <groups>
    </groups>
    <test started-at="2025-01-04T22:57:25 SGT" name="Default test" finished-at="2025-01-04T22:57:30 SGT" duration-ms="5322">
      <class name="APItests.JiraAPI">
        <test-method signature="BugTest()[pri:0, instance:APItests.JiraAPI@485966cc]" started-at="2025-01-04T22:57:25 SGT" name="BugTest" finished-at="2025-01-04T22:57:30 SGT" duration-ms="5266" status="PASS">
          <reporter-output>
          </reporter-output>
        </test-method> <!-- BugTest -->
      </class> <!-- APItests.JiraAPI -->
    </test> <!-- Default test -->
  </suite> <!-- Default suite -->
</testng-results>
