<?xml version="1.0" encoding="UTF-8"?>
<testng-results ignored="0" total="1" passed="1" failed="0" skipped="0">
  <reporter-output>
  </reporter-output>
  <suite started-at="2025-01-05T16:18:03 SGT" name="Default suite" finished-at="2025-01-05T16:18:06 SGT" duration-ms="2940">
    <groups>
    </groups>
    <test started-at="2025-01-05T16:18:03 SGT" name="Default test" finished-at="2025-01-05T16:18:06 SGT" duration-ms="2940">
      <class name="POGOClasses.GetCoursesTest">
        <test-method signature="GetCoursesDetailsTests()[pri:0, instance:POGOClasses.GetCoursesTest@57cf54e1]" started-at="2025-01-05T16:18:03 SGT" name="GetCoursesDetailsTests" finished-at="2025-01-05T16:18:06 SGT" duration-ms="2896" status="PASS">
          <reporter-output>
          </reporter-output>
        </test-method> <!-- GetCoursesDetailsTests -->
      </class> <!-- POGOClasses.GetCoursesTest -->
    </test> <!-- Default test -->
  </suite> <!-- Default suite -->
</testng-results>
