<?xml version="1.0" encoding="UTF-8"?>
<!-- Generated by org.testng.reporters.JUnitXMLReporter -->
<testsuite ignored="0" hostname="DESKTOP-HDB50OV" failures="1" tests="1" name="ErrorValidation Tests" time="15.119" errors="0" timestamp="2024-12-25T20:31:06 SGT">
  <testcase classname="Application.Tests.ErrorValidationTests" name="submitOrder" time="10.167">
    <failure type="java.lang.StackOverflowError">
      <![CDATA[java.lang.StackOverflowError
at org.openqa.selenium.By$BaseW3CLocator.findElement(By.java:398)
at org.openqa.selenium.By$ByCssSelector.findElement(By.java:321)
at org.openqa.selenium.remote.RemoteWebDriver.findElement(RemoteWebDriver.java:315)
at org.openqa.selenium.By$BaseW3CLocator.findElement(By.java:398)
at org.openqa.selenium.By$ByCssSelector.findElement(By.java:321)
at org.openqa.selenium.remote.RemoteWebDriver.findElement(RemoteWebDriver.java:315)
at org.openqa.selenium.By$BaseW3CLocator.findElement(By.java:398)
at org.openqa.selenium.By$ByCssSelector.findElement(By.java:321)
at org.openqa.selenium.remote.RemoteWebDriver.findElement(RemoteWebDriver.java:315)
at org.openqa.selenium.By$BaseW3CLocator.findElement(By.java:398)
at org.openqa.selenium.By$ByCssSelector.findElement(By.java:321)
at org.openqa.selenium.remote.RemoteWebDriver.findElement(RemoteWebDriver.java:315)
at org.openqa.selenium.By$BaseW3CLocator.findElement(By.java:398)
at org.openqa.selenium.By$ByCssSelector.findElement(By.java:321)
at org.openqa.selenium.remote.RemoteWebDriver.findElement(RemoteWebDriver.java:315)
at org.openqa.selenium.By$BaseW3CLocator.findElement(By.java:398)
at org.openqa.selenium.By$ByCssSelector.findElement(By.java:321)
at org.openqa.selenium.remote.RemoteWebDriver.findElement(RemoteWebDriver.java:315)
at org.openqa.selenium.By$BaseW3CLocator.findElement(By.java:398)
at org.openqa.selenium.By$ByCssSelector.findElement(By.java:321)
at org.openqa.selenium.remote.RemoteWebDriver.findElement(RemoteWebDriver.java:315)
at org.openqa.selenium.By$BaseW3CLocator.findElement(By.java:398)
at org.openqa.selenium.By$ByCssSelector.findElement(By.java:321)
at org.openqa.selenium.remote.RemoteWebDriver.findElement(RemoteWebDriver.java:315)
at org.openqa.selenium.By$BaseW3CLocator.findElement(By.java:398)
at org.openqa.selenium.By$ByCssSelector.findElement(By.java:321)
at org.openqa.selenium.remote.RemoteWebDriver.findElement(RemoteWebDriver.java:315)
at org.openqa.selenium.By$BaseW3CLocator.findElement(By.java:398)
at org.openqa.selenium.By$ByCssSelector.findElement(By.java:321)
at org.openqa.selenium.remote.RemoteWebDriver.findElement(RemoteWebDriver.java:315)
at org.openqa.selenium.By$BaseW3CLocator.findElement(By.java:398)
at org.openqa.selenium.By$ByCssSelector.findElement(By.java:321)
at org.openqa.selenium.remote.RemoteWebDriver.findElement(RemoteWebDriver.java:315)
at org.openqa.selenium.By$BaseW3CLocator.findElement(By.java:398)
at org.openqa.selenium.By$ByCssSelector.findElement(By.java:321)
at org.openqa.selenium.remote.RemoteWebDriver.findElement(RemoteWebDriver.java:315)
at org.openqa.selenium.By$BaseW3CLocator.findElement(By.java:398)
at org.openqa.selenium.By$ByCssSelector.findElement(By.java:321)
at org.openqa.selenium.remote.RemoteWebDriver.findElement(RemoteWebDriver.java:315)
at org.openqa.selenium.By$BaseW3CLocator.findElement(By.java:398)
at org.openqa.selenium.By$ByCssSelector.findElement(By.java:321)
at org.openqa.selenium.remote.RemoteWebDriver.findElement(RemoteWebDriver.java:315)
at org.openqa.selenium.By$BaseW3CLocator.findElement(By.java:398)
at org.openqa.selenium.By$ByCssSelector.findElement(By.java:321)
at org.openqa.selenium.remote.RemoteWebDriver.findElement(RemoteWebDriver.java:315)
at org.openqa.selenium.By$BaseW3CLocator.findElement(By.java:398)
at org.openqa.selenium.By$ByCssSelector.findElement(By.java:321)
at org.openqa.selenium.remote.RemoteWebDriver.findElement(RemoteWebDriver.java:315)
at org.openqa.selenium.By$BaseW3CLocator.findElement(By.java:398)
at org.openqa.selenium.By$ByCssSelector.findElement(By.java:321)
at org.openqa.selenium.remote.RemoteWebDriver.findElement(RemoteWebDriver.java:315)
at org.openqa.selenium.By$BaseW3CLocator.findElement(By.java:398)
at org.openqa.selenium.By$ByCssSelector.findElement(By.java:321)
at org.openqa.selenium.remote.RemoteWebDriver.findElement(RemoteWebDriver.java:315)
at org.openqa.selenium.By$BaseW3CLocator.findElement(By.java:398)
at org.openqa.selenium.By$ByCssSelector.findElement(By.java:321)
at org.openqa.selenium.remote.RemoteWebDriver.findElement(RemoteWebDriver.java:315)
at org.openqa.selenium.By$BaseW3CLocator.findElement(By.java:398)
at org.openqa.selenium.By$ByCssSelector.findElement(By.java:321)
at org.openqa.selenium.remote.RemoteWebDriver.findElement(RemoteWebDriver.java:315)
at org.openqa.selenium.By$BaseW3CLocator.findElement(By.java:398)
at org.openqa.selenium.By$ByCssSelector.findElement(By.java:321)
at org.openqa.selenium.remote.RemoteWebDriver.findElement(RemoteWebDriver.java:315)
at org.openqa.selenium.By$BaseW3CLocator.findElement(By.java:398)
at org.openqa.selenium.By$ByCssSelector.findElement(By.java:321)
at org.openqa.selenium.remote.RemoteWebDriver.findElement(RemoteWebDriver.java:315)
at org.openqa.selenium.By$BaseW3CLocator.findElement(By.java:398)
at org.openqa.selenium.By$ByCssSelector.findElement(By.java:321)
at org.openqa.selenium.remote.RemoteWebDriver.findElement(RemoteWebDriver.java:315)
at org.openqa.selenium.By$BaseW3CLocator.findElement(By.java:398)
at org.openqa.selenium.By$ByCssSelector.findElement(By.java:321)
at org.openqa.selenium.remote.RemoteWebDriver.findElement(RemoteWebDriver.java:315)
at org.openqa.selenium.By$BaseW3CLocator.findElement(By.java:398)
at org.openqa.selenium.By$ByCssSelector.findElement(By.java:321)
at org.openqa.selenium.remote.RemoteWebDriver.findElement(RemoteWebDriver.java:315)
at org.openqa.selenium.By$BaseW3CLocator.findElement(By.java:398)
at org.openqa.selenium.By$ByCssSelector.findElement(By.java:321)
at org.openqa.selenium.remote.RemoteWebDriver.findElement(RemoteWebDriver.java:315)
at org.openqa.selenium.By$BaseW3CLocator.findElement(By.java:398)
at org.openqa.selenium.By$ByCssSelector.findElement(By.java:321)
at org.openqa.selenium.remote.RemoteWebDriver.findElement(RemoteWebDriver.java:315)
at org.openqa.selenium.By$BaseW3CLocator.findElement(By.java:398)
at org.openqa.selenium.By$ByCssSelector.findElement(By.java:321)
at org.openqa.selenium.remote.RemoteWebDriver.findElement(RemoteWebDriver.java:315)
at org.openqa.selenium.By$BaseW3CLocator.findElement(By.java:398)
at org.openqa.selenium.By$ByCssSelector.findElement(By.java:321)
at org.openqa.selenium.remote.RemoteWebDriver.findElement(RemoteWebDriver.java:315)
at org.openqa.selenium.By$BaseW3CLocator.findElement(By.java:398)
at org.openqa.selenium.By$ByCssSelector.findElement(By.java:321)
at org.openqa.selenium.remote.RemoteWebDriver.findElement(RemoteWebDriver.java:315)
at org.openqa.selenium.By$BaseW3CLocator.findElement(By.java:398)
at org.openqa.selenium.By$ByCssSelector.findElement(By.java:321)
at org.openqa.selenium.remote.RemoteWebDriver.findElement(RemoteWebDriver.java:315)
at org.openqa.selenium.By$BaseW3CLocator.findElement(By.java:398)
at org.openqa.selenium.By$ByCssSelector.findElement(By.java:321)
at org.openqa.selenium.remote.RemoteWebDriver.findElement(RemoteWebDriver.java:315)
at org.openqa.selenium.By$BaseW3CLocator.findElement(By.java:398)
at org.openqa.selenium.By$ByCssSelector.findElement(By.java:321)
at org.openqa.selenium.remote.RemoteWebDriver.findElement(RemoteWebDriver.java:315)
at org.openqa.selenium.By$BaseW3CLocator.findElement(By.java:398)
at org.openqa.selenium.By$ByCssSelector.findElement(By.java:321)
at org.openqa.selenium.remote.RemoteWebDriver.findElement(RemoteWebDriver.java:315)
at org.openqa.selenium.By$BaseW3CLocator.findElement(By.java:398)
at org.openqa.selenium.By$ByCssSelector.findElement(By.java:321)
at org.openqa.selenium.remote.RemoteWebDriver.findElement(RemoteWebDriver.java:315)
at org.openqa.selenium.By$BaseW3CLocator.findElement(By.java:398)
at org.openqa.selenium.By$ByCssSelector.findElement(By.java:321)
at org.openqa.selenium.remote.RemoteWebDriver.findElement(RemoteWebDriver.java:315)
at org.openqa.selenium.By$BaseW3CLocator.findElement(By.java:398)
at org.openqa.selenium.By$ByCssSelector.findElement(By.java:321)
at org.openqa.selenium.remote.RemoteWebDriver.findElement(RemoteWebDriver.java:315)
at org.openqa.selenium.By$BaseW3CLocator.findElement(By.java:398)
at org.openqa.selenium.By$ByCssSelector.findElement(By.java:321)
at org.openqa.selenium.remote.RemoteWebDriver.findElement(RemoteWebDriver.java:315)
at org.openqa.selenium.By$BaseW3CLocator.findElement(By.java:398)
at org.openqa.selenium.By$ByCssSelector.findElement(By.java:321)
at org.openqa.selenium.remote.RemoteWebDriver.findElement(RemoteWebDriver.java:315)
at org.openqa.selenium.By$BaseW3CLocator.findElement(By.java:398)
at org.openqa.selenium.By$ByCssSelector.findElement(By.java:321)
at org.openqa.selenium.remote.RemoteWebDriver.findElement(RemoteWebDriver.java:315)
at org.openqa.selenium.By$BaseW3CLocator.findElement(By.java:398)
at org.openqa.selenium.By$ByCssSelector.findElement(By.java:321)
at org.openqa.selenium.remote.RemoteWebDriver.findElement(RemoteWebDriver.java:315)
at org.openqa.selenium.By$BaseW3CLocator.findElement(By.java:398)
at org.openqa.selenium.By$ByCssSelector.findElement(By.java:321)
at org.openqa.selenium.remote.RemoteWebDriver.findElement(RemoteWebDriver.java:315)
at org.openqa.selenium.By$BaseW3CLocator.findElement(By.java:398)
at org.openqa.selenium.By$ByCssSelector.findElement(By.java:321)
at org.openqa.selenium.remote.RemoteWebDriver.findElement(RemoteWebDriver.java:315)
at org.openqa.selenium.By$BaseW3CLocator.findElement(By.java:398)
at org.openqa.selenium.By$ByCssSelector.findElement(By.java:321)
at org.openqa.selenium.remote.RemoteWebDriver.findElement(RemoteWebDriver.java:315)
at org.openqa.selenium.By$BaseW3CLocator.findElement(By.java:398)
at org.openqa.selenium.By$ByCssSelector.findElement(By.java:321)
at org.openqa.selenium.remote.RemoteWebDriver.findElement(RemoteWebDriver.java:315)
at org.openqa.selenium.By$BaseW3CLocator.findElement(By.java:398)
at org.openqa.selenium.By$ByCssSelector.findElement(By.java:321)
at org.openqa.selenium.remote.RemoteWebDriver.findElement(RemoteWebDriver.java:315)
at org.openqa.selenium.By$BaseW3CLocator.findElement(By.java:398)
at org.openqa.selenium.By$ByCssSelector.findElement(By.java:321)
at org.openqa.selenium.remote.RemoteWebDriver.findElement(RemoteWebDriver.java:315)
at org.openqa.selenium.By$BaseW3CLocator.findElement(By.java:398)
at org.openqa.selenium.By$ByCssSelector.findElement(By.java:321)
at org.openqa.selenium.remote.RemoteWebDriver.findElement(RemoteWebDriver.java:315)
at org.openqa.selenium.By$BaseW3CLocator.findElement(By.java:398)
at org.openqa.selenium.By$ByCssSelector.findElement(By.java:321)
at org.openqa.selenium.remote.RemoteWebDriver.findElement(RemoteWebDriver.java:315)
at org.openqa.selenium.By$BaseW3CLocator.findElement(By.java:398)
at org.openqa.selenium.By$ByCssSelector.findElement(By.java:321)
at org.openqa.selenium.remote.RemoteWebDriver.findElement(RemoteWebDriver.java:315)
at org.openqa.selenium.By$BaseW3CLocator.findElement(By.java:398)
at org.openqa.selenium.By$ByCssSelector.findElement(By.java:321)
at org.openqa.selenium.remote.RemoteWebDriver.findElement(RemoteWebDriver.java:315)
at org.openqa.selenium.By$BaseW3CLocator.findElement(By.java:398)
at org.openqa.selenium.By$ByCssSelector.findElement(By.java:321)
at org.openqa.selenium.remote.RemoteWebDriver.findElement(RemoteWebDriver.java:315)
at org.openqa.selenium.By$BaseW3CLocator.findElement(By.java:398)
at org.openqa.selenium.By$ByCssSelector.findElement(By.java:321)
at org.openqa.selenium.remote.RemoteWebDriver.findElement(RemoteWebDriver.java:315)
at org.openqa.selenium.By$BaseW3CLocator.findElement(By.java:398)
at org.openqa.selenium.By$ByCssSelector.findElement(By.java:321)
at org.openqa.selenium.remote.RemoteWebDriver.findElement(RemoteWebDriver.java:315)
at org.openqa.selenium.By$BaseW3CLocator.findElement(By.java:398)
at org.openqa.selenium.By$ByCssSelector.findElement(By.java:321)
at org.openqa.selenium.remote.RemoteWebDriver.findElement(RemoteWebDriver.java:315)
at org.openqa.selenium.By$BaseW3CLocator.findElement(By.java:398)
at org.openqa.selenium.By$ByCssSelector.findElement(By.java:321)
at org.openqa.selenium.remote.RemoteWebDriver.findElement(RemoteWebDriver.java:315)
at org.openqa.selenium.By$BaseW3CLocator.findElement(By.java:398)
at org.openqa.selenium.By$ByCssSelector.findElement(By.java:321)
at org.openqa.selenium.remote.RemoteWebDriver.findElement(RemoteWebDriver.java:315)
at org.openqa.selenium.By$BaseW3CLocator.findElement(By.java:398)
at org.openqa.selenium.By$ByCssSelector.findElement(By.java:321)
at org.openqa.selenium.remote.RemoteWebDriver.findElement(RemoteWebDriver.java:315)
at org.openqa.selenium.By$BaseW3CLocator.findElement(By.java:398)
at org.openqa.selenium.By$ByCssSelector.findElement(By.java:321)
at org.openqa.selenium.remote.RemoteWebDriver.findElement(RemoteWebDriver.java:315)
at org.openqa.selenium.By$BaseW3CLocator.findElement(By.java:398)
at org.openqa.selenium.By$ByCssSelector.findElement(By.java:321)
at org.openqa.selenium.remote.RemoteWebDriver.findElement(RemoteWebDriver.java:315)
at org.openqa.selenium.By$BaseW3CLocator.findElement(By.java:398)
at org.openqa.selenium.By$ByCssSelector.findElement(By.java:321)
at org.openqa.selenium.remote.RemoteWebDriver.findElement(RemoteWebDriver.java:315)
at org.openqa.selenium.By$BaseW3CLocator.findElement(By.java:398)
at org.openqa.selenium.By$ByCssSelector.findElement(By.java:321)
at org.openqa.selenium.remote.RemoteWebDriver.findElement(RemoteWebDriver.java:315)
at org.openqa.selenium.By$BaseW3CLocator.findElement(By.java:398)
at org.openqa.selenium.By$ByCssSelector.findElement(By.java:321)
at org.openqa.selenium.remote.RemoteWebDriver.findElement(RemoteWebDriver.java:315)
at org.openqa.selenium.By$BaseW3CLocator.findElement(By.java:398)
at org.openqa.selenium.By$ByCssSelector.findElement(By.java:321)
at org.openqa.selenium.remote.RemoteWebDriver.findElement(RemoteWebDriver.java:315)
at org.openqa.selenium.By$BaseW3CLocator.findElement(By.java:398)
at org.openqa.selenium.By$ByCssSelector.findElement(By.java:321)
at org.openqa.selenium.remote.RemoteWebDriver.findElement(RemoteWebDriver.java:315)
at org.openqa.selenium.By$BaseW3CLocator.findElement(By.java:398)
at org.openqa.selenium.By$ByCssSelector.findElement(By.java:321)
at org.openqa.selenium.remote.RemoteWebDriver.findElement(RemoteWebDriver.java:315)
at org.openqa.selenium.By$BaseW3CLocator.findElement(By.java:398)
at org.openqa.selenium.By$ByCssSelector.findElement(By.java:321)
at org.openqa.selenium.remote.RemoteWebDriver.findElement(RemoteWebDriver.java:315)
at org.openqa.selenium.By$BaseW3CLocator.findElement(By.java:398)
at org.openqa.selenium.By$ByCssSelector.findElement(By.java:321)
at org.openqa.selenium.remote.RemoteWebDriver.findElement(RemoteWebDriver.java:315)
at org.openqa.selenium.By$BaseW3CLocator.findElement(By.java:398)
at org.openqa.selenium.By$ByCssSelector.findElement(By.java:321)
at org.openqa.selenium.remote.RemoteWebDriver.findElement(RemoteWebDriver.java:315)
at org.openqa.selenium.By$BaseW3CLocator.findElement(By.java:398)
at org.openqa.selenium.By$ByCssSelector.findElement(By.java:321)
at org.openqa.selenium.remote.RemoteWebDriver.findElement(RemoteWebDriver.java:315)
at org.openqa.selenium.By$BaseW3CLocator.findElement(By.java:398)
at org.openqa.selenium.By$ByCssSelector.findElement(By.java:321)
at org.openqa.selenium.remote.RemoteWebDriver.findElement(RemoteWebDriver.java:315)
at org.openqa.selenium.By$BaseW3CLocator.findElement(By.java:398)
at org.openqa.selenium.By$ByCssSelector.findElement(By.java:321)
at org.openqa.selenium.remote.RemoteWebDriver.findElement(RemoteWebDriver.java:315)
at org.openqa.selenium.By$BaseW3CLocator.findElement(By.java:398)
at org.openqa.selenium.By$ByCssSelector.findElement(By.java:321)
at org.openqa.selenium.remote.RemoteWebDriver.findElement(RemoteWebDriver.java:315)
at org.openqa.selenium.By$BaseW3CLocator.findElement(By.java:398)
at org.openqa.selenium.By$ByCssSelector.findElement(By.java:321)
at org.openqa.selenium.remote.RemoteWebDriver.findElement(RemoteWebDriver.java:315)
at org.openqa.selenium.By$BaseW3CLocator.findElement(By.java:398)
at org.openqa.selenium.By$ByCssSelector.findElement(By.java:321)
at org.openqa.selenium.remote.RemoteWebDriver.findElement(RemoteWebDriver.java:315)
at org.openqa.selenium.By$BaseW3CLocator.findElement(By.java:398)
at org.openqa.selenium.By$ByCssSelector.findElement(By.java:321)
at org.openqa.selenium.remote.RemoteWebDriver.findElement(RemoteWebDriver.java:315)
at org.openqa.selenium.By$BaseW3CLocator.findElement(By.java:398)
at org.openqa.selenium.By$ByCssSelector.findElement(By.java:321)
at org.openqa.selenium.remote.RemoteWebDriver.findElement(RemoteWebDriver.java:315)
at org.openqa.selenium.By$BaseW3CLocator.findElement(By.java:398)
at org.openqa.selenium.By$ByCssSelector.findElement(By.java:321)
at org.openqa.selenium.remote.RemoteWebDriver.findElement(RemoteWebDriver.java:315)
at org.openqa.selenium.By$BaseW3CLocator.findElement(By.java:398)
at org.openqa.selenium.By$ByCssSelector.findElement(By.java:321)
at org.openqa.selenium.remote.RemoteWebDriver.findElement(RemoteWebDriver.java:315)
at org.openqa.selenium.By$BaseW3CLocator.findElement(By.java:398)
at org.openqa.selenium.By$ByCssSelector.findElement(By.java:321)
at org.openqa.selenium.remote.RemoteWebDriver.findElement(RemoteWebDriver.java:315)
at org.openqa.selenium.By$BaseW3CLocator.findElement(By.java:398)
at org.openqa.selenium.By$ByCssSelector.findElement(By.java:321)
at org.openqa.selenium.remote.RemoteWebDriver.findElement(RemoteWebDriver.java:315)
at org.openqa.selenium.By$BaseW3CLocator.findElement(By.java:398)
at org.openqa.selenium.By$ByCssSelector.findElement(By.java:321)
at org.openqa.selenium.remote.RemoteWebDriver.findElement(RemoteWebDriver.java:315)
at org.openqa.selenium.By$BaseW3CLocator.findElement(By.java:398)
at org.openqa.selenium.By$ByCssSelector.findElement(By.java:321)
at org.openqa.selenium.remote.RemoteWebDriver.findElement(RemoteWebDriver.java:315)
at org.openqa.selenium.By$BaseW3CLocator.findElement(By.java:398)
at org.openqa.selenium.By$ByCssSelector.findElement(By.java:321)
at org.openqa.selenium.remote.RemoteWebDriver.findElement(RemoteWebDriver.java:315)
at org.openqa.selenium.By$BaseW3CLocator.findElement(By.java:398)
at org.openqa.selenium.By$ByCssSelector.findElement(By.java:321)
at org.openqa.selenium.remote.RemoteWebDriver.findElement(RemoteWebDriver.java:315)
at org.openqa.selenium.By$BaseW3CLocator.findElement(By.java:398)
at org.openqa.selenium.By$ByCssSelector.findElement(By.java:321)
at org.openqa.selenium.remote.RemoteWebDriver.findElement(RemoteWebDriver.java:315)
at org.openqa.selenium.By$BaseW3CLocator.findElement(By.java:398)
at org.openqa.selenium.By$ByCssSelector.findElement(By.java:321)
at org.openqa.selenium.remote.RemoteWebDriver.findElement(RemoteWebDriver.java:315)
at org.openqa.selenium.By$BaseW3CLocator.findElement(By.java:398)
at org.openqa.selenium.By$ByCssSelector.findElement(By.java:321)
at org.openqa.selenium.remote.RemoteWebDriver.findElement(RemoteWebDriver.java:315)
at org.openqa.selenium.By$BaseW3CLocator.findElement(By.java:398)
at org.openqa.selenium.By$ByCssSelector.findElement(By.java:321)
at org.openqa.selenium.remote.RemoteWebDriver.findElement(RemoteWebDriver.java:315)
at org.openqa.selenium.By$BaseW3CLocator.findElement(By.java:398)
at org.openqa.selenium.By$ByCssSelector.findElement(By.java:321)
at org.openqa.selenium.remote.RemoteWebDriver.findElement(RemoteWebDriver.java:315)
at org.openqa.selenium.By$BaseW3CLocator.findElement(By.java:398)
at org.openqa.selenium.By$ByCssSelector.findElement(By.java:321)
at org.openqa.selenium.remote.RemoteWebDriver.findElement(RemoteWebDriver.java:315)
at org.openqa.selenium.By$BaseW3CLocator.findElement(By.java:398)
at org.openqa.selenium.By$ByCssSelector.findElement(By.java:321)
at org.openqa.selenium.remote.RemoteWebDriver.findElement(RemoteWebDriver.java:315)
at org.openqa.selenium.By$BaseW3CLocator.findElement(By.java:398)
at org.openqa.selenium.By$ByCssSelector.findElement(By.java:321)
at org.openqa.selenium.remote.RemoteWebDriver.findElement(RemoteWebDriver.java:315)
at org.openqa.selenium.By$BaseW3CLocator.findElement(By.java:398)
at org.openqa.selenium.By$ByCssSelector.findElement(By.java:321)
at org.openqa.selenium.remote.RemoteWebDriver.findElement(RemoteWebDriver.java:315)
at org.openqa.selenium.By$BaseW3CLocator.findElement(By.java:398)
at org.openqa.selenium.By$ByCssSelector.findElement(By.java:321)
at org.openqa.selenium.remote.RemoteWebDriver.findElement(RemoteWebDriver.java:315)
at org.openqa.selenium.By$BaseW3CLocator.findElement(By.java:398)
at org.openqa.selenium.By$ByCssSelector.findElement(By.java:321)
at org.openqa.selenium.remote.RemoteWebDriver.findElement(RemoteWebDriver.java:315)
at org.openqa.selenium.By$BaseW3CLocator.findElement(By.java:398)
at org.openqa.selenium.By$ByCssSelector.findElement(By.java:321)
at org.openqa.selenium.remote.RemoteWebDriver.findElement(RemoteWebDriver.java:315)
at org.openqa.selenium.By$BaseW3CLocator.findElement(By.java:398)
at org.openqa.selenium.By$ByCssSelector.findElement(By.java:321)
at org.openqa.selenium.remote.RemoteWebDriver.findElement(RemoteWebDriver.java:315)
at org.openqa.selenium.By$BaseW3CLocator.findElement(By.java:398)
at org.openqa.selenium.By$ByCssSelector.findElement(By.java:321)
at org.openqa.selenium.remote.RemoteWebDriver.findElement(RemoteWebDriver.java:315)
at org.openqa.selenium.By$BaseW3CLocator.findElement(By.java:398)
at org.openqa.selenium.By$ByCssSelector.findElement(By.java:321)
at org.openqa.selenium.remote.RemoteWebDriver.findElement(RemoteWebDriver.java:315)
at org.openqa.selenium.By$BaseW3CLocator.findElement(By.java:398)
at org.openqa.selenium.By$ByCssSelector.findElement(By.java:321)
at org.openqa.selenium.remote.RemoteWebDriver.findElement(RemoteWebDriver.java:315)
at org.openqa.selenium.By$BaseW3CLocator.findElement(By.java:398)
at org.openqa.selenium.By$ByCssSelector.findElement(By.java:321)
at org.openqa.selenium.remote.RemoteWebDriver.findElement(RemoteWebDriver.java:315)
at org.openqa.selenium.By$BaseW3CLocator.findElement(By.java:398)
at org.openqa.selenium.By$ByCssSelector.findElement(By.java:321)
at org.openqa.selenium.remote.RemoteWebDriver.findElement(RemoteWebDriver.java:315)
at org.openqa.selenium.By$BaseW3CLocator.findElement(By.java:398)
at org.openqa.selenium.By$ByCssSelector.findElement(By.java:321)
at org.openqa.selenium.remote.RemoteWebDriver.findElement(RemoteWebDriver.java:315)
at org.openqa.selenium.By$BaseW3CLocator.findElement(By.java:398)
at org.openqa.selenium.By$ByCssSelector.findElement(By.java:321)
at org.openqa.selenium.remote.RemoteWebDriver.findElement(RemoteWebDriver.java:315)
at org.openqa.selenium.By$BaseW3CLocator.findElement(By.java:398)
at org.openqa.selenium.By$ByCssSelector.findElement(By.java:321)
at org.openqa.selenium.remote.RemoteWebDriver.findElement(RemoteWebDriver.java:315)
at org.openqa.selenium.By$BaseW3CLocator.findElement(By.java:398)
at org.openqa.selenium.By$ByCssSelector.findElement(By.java:321)
at org.openqa.selenium.remote.RemoteWebDriver.findElement(RemoteWebDriver.java:315)
at org.openqa.selenium.By$BaseW3CLocator.findElement(By.java:398)
at org.openqa.selenium.By$ByCssSelector.findElement(By.java:321)
at org.openqa.selenium.remote.RemoteWebDriver.findElement(RemoteWebDriver.java:315)
at org.openqa.selenium.By$BaseW3CLocator.findElement(By.java:398)
at org.openqa.selenium.By$ByCssSelector.findElement(By.java:321)
at org.openqa.selenium.remote.RemoteWebDriver.findElement(RemoteWebDriver.java:315)
at org.openqa.selenium.By$BaseW3CLocator.findElement(By.java:398)
at org.openqa.selenium.By$ByCssSelector.findElement(By.java:321)
at org.openqa.selenium.remote.RemoteWebDriver.findElement(RemoteWebDriver.java:315)
at org.openqa.selenium.By$BaseW3CLocator.findElement(By.java:398)
at org.openqa.selenium.By$ByCssSelector.findElement(By.java:321)
at org.openqa.selenium.remote.RemoteWebDriver.findElement(RemoteWebDriver.java:315)
at org.openqa.selenium.By$BaseW3CLocator.findElement(By.java:398)
at org.openqa.selenium.By$ByCssSelector.findElement(By.java:321)
at org.openqa.selenium.remote.RemoteWebDriver.findElement(RemoteWebDriver.java:315)
at org.openqa.selenium.By$BaseW3CLocator.findElement(By.java:398)
at org.openqa.selenium.By$ByCssSelector.findElement(By.java:321)
at org.openqa.selenium.remote.RemoteWebDriver.findElement(RemoteWebDriver.java:315)
at org.openqa.selenium.By$BaseW3CLocator.findElement(By.java:398)
at org.openqa.selenium.By$ByCssSelector.findElement(By.java:321)
at org.openqa.selenium.remote.RemoteWebDriver.findElement(RemoteWebDriver.java:315)
at org.openqa.selenium.By$BaseW3CLocator.findElement(By.java:398)
at org.openqa.selenium.By$ByCssSelector.findElement(By.java:321)
at org.openqa.selenium.remote.RemoteWebDriver.findElement(RemoteWebDriver.java:315)
at org.openqa.selenium.By$BaseW3CLocator.findElement(By.java:398)
at org.openqa.selenium.By$ByCssSelector.findElement(By.java:321)
at org.openqa.selenium.remote.RemoteWebDriver.findElement(RemoteWebDriver.java:315)
at org.openqa.selenium.By$BaseW3CLocator.findElement(By.java:398)
at org.openqa.selenium.By$ByCssSelector.findElement(By.java:321)
at org.openqa.selenium.remote.RemoteWebDriver.findElement(RemoteWebDriver.java:315)
at org.openqa.selenium.By$BaseW3CLocator.findElement(By.java:398)
at org.openqa.selenium.By$ByCssSelector.findElement(By.java:321)
at org.openqa.selenium.remote.RemoteWebDriver.findElement(RemoteWebDriver.java:315)
at org.openqa.selenium.By$BaseW3CLocator.findElement(By.java:398)
at org.openqa.selenium.By$ByCssSelector.findElement(By.java:321)
at org.openqa.selenium.remote.RemoteWebDriver.findElement(RemoteWebDriver.java:315)
at org.openqa.selenium.By$BaseW3CLocator.findElement(By.java:398)
at org.openqa.selenium.By$ByCssSelector.findElement(By.java:321)
at org.openqa.selenium.remote.RemoteWebDriver.findElement(RemoteWebDriver.java:315)
at org.openqa.selenium.By$BaseW3CLocator.findElement(By.java:398)
at org.openqa.selenium.By$ByCssSelector.findElement(By.java:321)
at org.openqa.selenium.remote.RemoteWebDriver.findElement(RemoteWebDriver.java:315)
at org.openqa.selenium.By$BaseW3CLocator.findElement(By.java:398)
at org.openqa.selenium.By$ByCssSelector.findElement(By.java:321)
at org.openqa.selenium.remote.RemoteWebDriver.findElement(RemoteWebDriver.java:315)
at org.openqa.selenium.By$BaseW3CLocator.findElement(By.java:398)
at org.openqa.selenium.By$ByCssSelector.findElement(By.java:321)
at org.openqa.selenium.remote.RemoteWebDriver.findElement(RemoteWebDriver.java:315)
at org.openqa.selenium.By$BaseW3CLocator.findElement(By.java:398)
at org.openqa.selenium.By$ByCssSelector.findElement(By.java:321)
at org.openqa.selenium.remote.RemoteWebDriver.findElement(RemoteWebDriver.java:315)
at org.openqa.selenium.By$BaseW3CLocator.findElement(By.java:398)
at org.openqa.selenium.By$ByCssSelector.findElement(By.java:321)
at org.openqa.selenium.remote.RemoteWebDriver.findElement(RemoteWebDriver.java:315)
at org.openqa.selenium.By$BaseW3CLocator.findElement(By.java:398)
at org.openqa.selenium.By$ByCssSelector.findElement(By.java:321)
at org.openqa.selenium.remote.RemoteWebDriver.findElement(RemoteWebDriver.java:315)
at org.openqa.selenium.By$BaseW3CLocator.findElement(By.java:398)
at org.openqa.selenium.By$ByCssSelector.findElement(By.java:321)
at org.openqa.selenium.remote.RemoteWebDriver.findElement(RemoteWebDriver.java:315)
at org.openqa.selenium.By$BaseW3CLocator.findElement(By.java:398)
at org.openqa.selenium.By$ByCssSelector.findElement(By.java:321)
at org.openqa.selenium.remote.RemoteWebDriver.findElement(RemoteWebDriver.java:315)
at org.openqa.selenium.By$BaseW3CLocator.findElement(By.java:398)
at org.openqa.selenium.By$ByCssSelector.findElement(By.java:321)
at org.openqa.selenium.remote.RemoteWebDriver.findElement(RemoteWebDriver.java:315)
at org.openqa.selenium.By$BaseW3CLocator.findElement(By.java:398)
at org.openqa.selenium.By$ByCssSelector.findElement(By.java:321)
at org.openqa.selenium.remote.RemoteWebDriver.findElement(RemoteWebDriver.java:315)
at org.openqa.selenium.By$BaseW3CLocator.findElement(By.java:398)
at org.openqa.selenium.By$ByCssSelector.findElement(By.java:321)
at org.openqa.selenium.remote.RemoteWebDriver.findElement(RemoteWebDriver.java:315)
at org.openqa.selenium.By$BaseW3CLocator.findElement(By.java:398)
at org.openqa.selenium.By$ByCssSelector.findElement(By.java:321)
at org.openqa.selenium.remote.RemoteWebDriver.findElement(RemoteWebDriver.java:315)
at org.openqa.selenium.By$BaseW3CLocator.findElement(By.java:398)
at org.openqa.selenium.By$ByCssSelector.findElement(By.java:321)
at org.openqa.selenium.remote.RemoteWebDriver.findElement(RemoteWebDriver.java:315)
at org.openqa.selenium.By$BaseW3CLocator.findElement(By.java:398)
at org.openqa.selenium.By$ByCssSelector.findElement(By.java:321)
at org.openqa.selenium.remote.RemoteWebDriver.findElement(RemoteWebDriver.java:315)
at org.openqa.selenium.By$BaseW3CLocator.findElement(By.java:398)
at org.openqa.selenium.By$ByCssSelector.findElement(By.java:321)
at org.openqa.selenium.remote.RemoteWebDriver.findElement(RemoteWebDriver.java:315)
at org.openqa.selenium.By$BaseW3CLocator.findElement(By.java:398)
at org.openqa.selenium.By$ByCssSelector.findElement(By.java:321)
at org.openqa.selenium.remote.RemoteWebDriver.findElement(RemoteWebDriver.java:315)
at org.openqa.selenium.By$BaseW3CLocator.findElement(By.java:398)
at org.openqa.selenium.By$ByCssSelector.findElement(By.java:321)
at org.openqa.selenium.remote.RemoteWebDriver.findElement(RemoteWebDriver.java:315)
at org.openqa.selenium.By$BaseW3CLocator.findElement(By.java:398)
at org.openqa.selenium.By$ByCssSelector.findElement(By.java:321)
at org.openqa.selenium.remote.RemoteWebDriver.findElement(RemoteWebDriver.java:315)
at org.openqa.selenium.By$BaseW3CLocator.findElement(By.java:398)
at org.openqa.selenium.By$ByCssSelector.findElement(By.java:321)
at org.openqa.selenium.remote.RemoteWebDriver.findElement(RemoteWebDriver.java:315)
at org.openqa.selenium.By$BaseW3CLocator.findElement(By.java:398)
at org.openqa.selenium.By$ByCssSelector.findElement(By.java:321)
at org.openqa.selenium.remote.RemoteWebDriver.findElement(RemoteWebDriver.java:315)
at org.openqa.selenium.By$BaseW3CLocator.findElement(By.java:398)
at org.openqa.selenium.By$ByCssSelector.findElement(By.java:321)
at org.openqa.selenium.remote.RemoteWebDriver.findElement(RemoteWebDriver.java:315)
at org.openqa.selenium.By$BaseW3CLocator.findElement(By.java:398)
at org.openqa.selenium.By$ByCssSelector.findElement(By.java:321)
at org.openqa.selenium.remote.RemoteWebDriver.findElement(RemoteWebDriver.java:315)
at org.openqa.selenium.By$BaseW3CLocator.findElement(By.java:398)
at org.openqa.selenium.By$ByCssSelector.findElement(By.java:321)
at org.openqa.selenium.remote.RemoteWebDriver.findElement(RemoteWebDriver.java:315)
at org.openqa.selenium.By$BaseW3CLocator.findElement(By.java:398)
at org.openqa.selenium.By$ByCssSelector.findElement(By.java:321)
at org.openqa.selenium.remote.RemoteWebDriver.findElement(RemoteWebDriver.java:315)
at org.openqa.selenium.By$BaseW3CLocator.findElement(By.java:398)
at org.openqa.selenium.By$ByCssSelector.findElement(By.java:321)
at org.openqa.selenium.remote.RemoteWebDriver.findElement(RemoteWebDriver.java:315)
at org.openqa.selenium.By$BaseW3CLocator.findElement(By.java:398)
at org.openqa.selenium.By$ByCssSelector.findElement(By.java:321)
at org.openqa.selenium.remote.RemoteWebDriver.findElement(RemoteWebDriver.java:315)
at org.openqa.selenium.By$BaseW3CLocator.findElement(By.java:398)
at org.openqa.selenium.By$ByCssSelector.findElement(By.java:321)
at org.openqa.selenium.remote.RemoteWebDriver.findElement(RemoteWebDriver.java:315)
at org.openqa.selenium.By$BaseW3CLocator.findElement(By.java:398)
at org.openqa.selenium.By$ByCssSelector.findElement(By.java:321)
at org.openqa.selenium.remote.RemoteWebDriver.findElement(RemoteWebDriver.java:315)
at org.openqa.selenium.By$BaseW3CLocator.findElement(By.java:398)
at org.openqa.selenium.By$ByCssSelector.findElement(By.java:321)
at org.openqa.selenium.remote.RemoteWebDriver.findElement(RemoteWebDriver.java:315)
at org.openqa.selenium.By$BaseW3CLocator.findElement(By.java:398)
at org.openqa.selenium.By$ByCssSelector.findElement(By.java:321)
at org.openqa.selenium.remote.RemoteWebDriver.findElement(RemoteWebDriver.java:315)
at org.openqa.selenium.By$BaseW3CLocator.findElement(By.java:398)
at org.openqa.selenium.By$ByCssSelector.findElement(By.java:321)
at org.openqa.selenium.remote.RemoteWebDriver.findElement(RemoteWebDriver.java:315)
at org.openqa.selenium.By$BaseW3CLocator.findElement(By.java:398)
at org.openqa.selenium.By$ByCssSelector.findElement(By.java:321)
at org.openqa.selenium.remote.RemoteWebDriver.findElement(RemoteWebDriver.java:315)
at org.openqa.selenium.By$BaseW3CLocator.findElement(By.java:398)
at org.openqa.selenium.By$ByCssSelector.findElement(By.java:321)
at org.openqa.selenium.remote.RemoteWebDriver.findElement(RemoteWebDriver.java:315)
at org.openqa.selenium.By$BaseW3CLocator.findElement(By.java:398)
at org.openqa.selenium.By$ByCssSelector.findElement(By.java:321)
at org.openqa.selenium.remote.RemoteWebDriver.findElement(RemoteWebDriver.java:315)
at org.openqa.selenium.By$BaseW3CLocator.findElement(By.java:398)
at org.openqa.selenium.By$ByCssSelector.findElement(By.java:321)
at org.openqa.selenium.remote.RemoteWebDriver.findElement(RemoteWebDriver.java:315)
at org.openqa.selenium.By$BaseW3CLocator.findElement(By.java:398)
at org.openqa.selenium.By$ByCssSelector.findElement(By.java:321)
at org.openqa.selenium.remote.RemoteWebDriver.findElement(RemoteWebDriver.java:315)
at org.openqa.selenium.By$BaseW3CLocator.findElement(By.java:398)
at org.openqa.selenium.By$ByCssSelector.findElement(By.java:321)
at org.openqa.selenium.remote.RemoteWebDriver.findElement(RemoteWebDriver.java:315)
at org.openqa.selenium.By$BaseW3CLocator.findElement(By.java:398)
at org.openqa.selenium.By$ByCssSelector.findElement(By.java:321)
at org.openqa.selenium.remote.RemoteWebDriver.findElement(RemoteWebDriver.java:315)
at org.openqa.selenium.By$BaseW3CLocator.findElement(By.java:398)
at org.openqa.selenium.By$ByCssSelector.findElement(By.java:321)
at org.openqa.selenium.remote.RemoteWebDriver.findElement(RemoteWebDriver.java:315)
at org.openqa.selenium.By$BaseW3CLocator.findElement(By.java:398)
at org.openqa.selenium.By$ByCssSelector.findElement(By.java:321)
at org.openqa.selenium.remote.RemoteWebDriver.findElement(RemoteWebDriver.java:315)
at org.openqa.selenium.By$BaseW3CLocator.findElement(By.java:398)
at org.openqa.selenium.By$ByCssSelector.findElement(By.java:321)
at org.openqa.selenium.remote.RemoteWebDriver.findElement(RemoteWebDriver.java:315)
at org.openqa.selenium.By$BaseW3CLocator.findElement(By.java:398)
at org.openqa.selenium.By$ByCssSelector.findElement(By.java:321)
at org.openqa.selenium.remote.RemoteWebDriver.findElement(RemoteWebDriver.java:315)
at org.openqa.selenium.By$BaseW3CLocator.findElement(By.java:398)
at org.openqa.selenium.By$ByCssSelector.findElement(By.java:321)
at org.openqa.selenium.remote.RemoteWebDriver.findElement(RemoteWebDriver.java:315)
at org.openqa.selenium.By$BaseW3CLocator.findElement(By.java:398)
at org.openqa.selenium.By$ByCssSelector.findElement(By.java:321)
at org.openqa.selenium.remote.RemoteWebDriver.findElement(RemoteWebDriver.java:315)
at org.openqa.selenium.By$BaseW3CLocator.findElement(By.java:398)
at org.openqa.selenium.By$ByCssSelector.findElement(By.java:321)
at org.openqa.selenium.remote.RemoteWebDriver.findElement(RemoteWebDriver.java:315)
at org.openqa.selenium.By$BaseW3CLocator.findElement(By.java:398)
at org.openqa.selenium.By$ByCssSelector.findElement(By.java:321)
at org.openqa.selenium.remote.RemoteWebDriver.findElement(RemoteWebDriver.java:315)
at org.openqa.selenium.By$BaseW3CLocator.findElement(By.java:398)
at org.openqa.selenium.By$ByCssSelector.findElement(By.java:321)
at org.openqa.selenium.remote.RemoteWebDriver.findElement(RemoteWebDriver.java:315)
at org.openqa.selenium.By$BaseW3CLocator.findElement(By.java:398)
at org.openqa.selenium.By$ByCssSelector.findElement(By.java:321)
at org.openqa.selenium.remote.RemoteWebDriver.findElement(RemoteWebDriver.java:315)
at org.openqa.selenium.By$BaseW3CLocator.findElement(By.java:398)
at org.openqa.selenium.By$ByCssSelector.findElement(By.java:321)
at org.openqa.selenium.remote.RemoteWebDriver.findElement(RemoteWebDriver.java:315)
at org.openqa.selenium.By$BaseW3CLocator.findElement(By.java:398)
at org.openqa.selenium.By$ByCssSelector.findElement(By.java:321)
at org.openqa.selenium.remote.RemoteWebDriver.findElement(RemoteWebDriver.java:315)
at org.openqa.selenium.By$BaseW3CLocator.findElement(By.java:398)
at org.openqa.selenium.By$ByCssSelector.findElement(By.java:321)
at org.openqa.selenium.remote.RemoteWebDriver.findElement(RemoteWebDriver.java:315)
at org.openqa.selenium.By$BaseW3CLocator.findElement(By.java:398)
at org.openqa.selenium.By$ByCssSelector.findElement(By.java:321)
at org.openqa.selenium.remote.RemoteWebDriver.findElement(RemoteWebDriver.java:315)
at org.openqa.selenium.By$BaseW3CLocator.findElement(By.java:398)
at org.openqa.selenium.By$ByCssSelector.findElement(By.java:321)
at org.openqa.selenium.remote.RemoteWebDriver.findElement(RemoteWebDriver.java:315)
at org.openqa.selenium.By$BaseW3CLocator.findElement(By.java:398)
at org.openqa.selenium.By$ByCssSelector.findElement(By.java:321)
at org.openqa.selenium.remote.RemoteWebDriver.findElement(RemoteWebDriver.java:315)
at org.openqa.selenium.By$BaseW3CLocator.findElement(By.java:398)
at org.openqa.selenium.By$ByCssSelector.findElement(By.java:321)
at org.openqa.selenium.remote.RemoteWebDriver.findElement(RemoteWebDriver.java:315)
at org.openqa.selenium.By$BaseW3CLocator.findElement(By.java:398)
at org.openqa.selenium.By$ByCssSelector.findElement(By.java:321)
at org.openqa.selenium.remote.RemoteWebDriver.findElement(RemoteWebDriver.java:315)
at org.openqa.selenium.By$BaseW3CLocator.findElement(By.java:398)
at org.openqa.selenium.By$ByCssSelector.findElement(By.java:321)
at org.openqa.selenium.remote.RemoteWebDriver.findElement(RemoteWebDriver.java:315)
at org.openqa.selenium.By$BaseW3CLocator.findElement(By.java:398)
at org.openqa.selenium.By$ByCssSelector.findElement(By.java:321)
at org.openqa.selenium.remote.RemoteWebDriver.findElement(RemoteWebDriver.java:315)
at org.openqa.selenium.By$BaseW3CLocator.findElement(By.java:398)
at org.openqa.selenium.By$ByCssSelector.findElement(By.java:321)
at org.openqa.selenium.remote.RemoteWebDriver.findElement(RemoteWebDriver.java:315)
at org.openqa.selenium.By$BaseW3CLocator.findElement(By.java:398)
at org.openqa.selenium.By$ByCssSelector.findElement(By.java:321)
at org.openqa.selenium.remote.RemoteWebDriver.findElement(RemoteWebDriver.java:315)
at org.openqa.selenium.By$BaseW3CLocator.findElement(By.java:398)
at org.openqa.selenium.By$ByCssSelector.findElement(By.java:321)
at org.openqa.selenium.remote.RemoteWebDriver.findElement(RemoteWebDriver.java:315)
at org.openqa.selenium.By$BaseW3CLocator.findElement(By.java:398)
at org.openqa.selenium.By$ByCssSelector.findElement(By.java:321)
at org.openqa.selenium.remote.RemoteWebDriver.findElement(RemoteWebDriver.java:315)
at org.openqa.selenium.By$BaseW3CLocator.findElement(By.java:398)
at org.openqa.selenium.By$ByCssSelector.findElement(By.java:321)
at org.openqa.selenium.remote.RemoteWebDriver.findElement(RemoteWebDriver.java:315)
at org.openqa.selenium.By$BaseW3CLocator.findElement(By.java:398)
at org.openqa.selenium.By$ByCssSelector.findElement(By.java:321)
at org.openqa.selenium.remote.RemoteWebDriver.findElement(RemoteWebDriver.java:315)
at org.openqa.selenium.By$BaseW3CLocator.findElement(By.java:398)
at org.openqa.selenium.By$ByCssSelector.findElement(By.java:321)
at org.openqa.selenium.remote.RemoteWebDriver.findElement(RemoteWebDriver.java:315)
at org.openqa.selenium.By$BaseW3CLocator.findElement(By.java:398)
at org.openqa.selenium.By$ByCssSelector.findElement(By.java:321)
at org.openqa.selenium.remote.RemoteWebDriver.findElement(RemoteWebDriver.java:315)
at org.openqa.selenium.By$BaseW3CLocator.findElement(By.java:398)
at org.openqa.selenium.By$ByCssSelector.findElement(By.java:321)
at org.openqa.selenium.remote.RemoteWebDriver.findElement(RemoteWebDriver.java:315)
at org.openqa.selenium.By$BaseW3CLocator.findElement(By.java:398)
at org.openqa.selenium.By$ByCssSelector.findElement(By.java:321)
at org.openqa.selenium.remote.RemoteWebDriver.findElement(RemoteWebDriver.java:315)
at org.openqa.selenium.By$BaseW3CLocator.findElement(By.java:398)
at org.openqa.selenium.By$ByCssSelector.findElement(By.java:321)
at org.openqa.selenium.remote.RemoteWebDriver.findElement(RemoteWebDriver.java:315)
at org.openqa.selenium.By$BaseW3CLocator.findElement(By.java:398)
at org.openqa.selenium.By$ByCssSelector.findElement(By.java:321)
at org.openqa.selenium.remote.RemoteWebDriver.findElement(RemoteWebDriver.java:315)
at org.openqa.selenium.By$BaseW3CLocator.findElement(By.java:398)
at org.openqa.selenium.By$ByCssSelector.findElement(By.java:321)
at org.openqa.selenium.remote.RemoteWebDriver.findElement(RemoteWebDriver.java:315)
at org.openqa.selenium.By$BaseW3CLocator.findElement(By.java:398)
at org.openqa.selenium.By$ByCssSelector.findElement(By.java:321)
at org.openqa.selenium.remote.RemoteWebDriver.findElement(RemoteWebDriver.java:315)
at org.openqa.selenium.By$BaseW3CLocator.findElement(By.java:398)
at org.openqa.selenium.By$ByCssSelector.findElement(By.java:321)
at org.openqa.selenium.remote.RemoteWebDriver.findElement(RemoteWebDriver.java:315)
at org.openqa.selenium.By$BaseW3CLocator.findElement(By.java:398)
at org.openqa.selenium.By$ByCssSelector.findElement(By.java:321)
at org.openqa.selenium.remote.RemoteWebDriver.findElement(RemoteWebDriver.java:315)
at org.openqa.selenium.By$BaseW3CLocator.findElement(By.java:398)
at org.openqa.selenium.By$ByCssSelector.findElement(By.java:321)
at org.openqa.selenium.remote.RemoteWebDriver.findElement(RemoteWebDriver.java:315)
at org.openqa.selenium.By$BaseW3CLocator.findElement(By.java:398)
at org.openqa.selenium.By$ByCssSelector.findElement(By.java:321)
at org.openqa.selenium.remote.RemoteWebDriver.findElement(RemoteWebDriver.java:315)
at org.openqa.selenium.By$BaseW3CLocator.findElement(By.java:398)
at org.openqa.selenium.By$ByCssSelector.findElement(By.java:321)
at org.openqa.selenium.remote.RemoteWebDriver.findElement(RemoteWebDriver.java:315)
at org.openqa.selenium.By$BaseW3CLocator.findElement(By.java:398)
at org.openqa.selenium.By$ByCssSelector.findElement(By.java:321)
at org.openqa.selenium.remote.RemoteWebDriver.findElement(RemoteWebDriver.java:315)
at org.openqa.selenium.By$BaseW3CLocator.findElement(By.java:398)
at org.openqa.selenium.By$ByCssSelector.findElement(By.java:321)
at org.openqa.selenium.remote.RemoteWebDriver.findElement(RemoteWebDriver.java:315)
at org.openqa.selenium.By$BaseW3CLocator.findElement(By.java:398)
at org.openqa.selenium.By$ByCssSelector.findElement(By.java:321)
at org.openqa.selenium.remote.RemoteWebDriver.findElement(RemoteWebDriver.java:315)
at org.openqa.selenium.By$BaseW3CLocator.findElement(By.java:398)
at org.openqa.selenium.By$ByCssSelector.findElement(By.java:321)
at org.openqa.selenium.remote.RemoteWebDriver.findElement(RemoteWebDriver.java:315)
at org.openqa.selenium.By$BaseW3CLocator.findElement(By.java:398)
at org.openqa.selenium.By$ByCssSelector.findElement(By.java:321)
at org.openqa.selenium.remote.RemoteWebDriver.findElement(RemoteWebDriver.java:315)
at org.openqa.selenium.By$BaseW3CLocator.findElement(By.java:398)
at org.openqa.selenium.By$ByCssSelector.findElement(By.java:321)
at org.openqa.selenium.remote.RemoteWebDriver.findElement(RemoteWebDriver.java:315)
at org.openqa.selenium.By$BaseW3CLocator.findElement(By.java:398)
at org.openqa.selenium.By$ByCssSelector.findElement(By.java:321)
at org.openqa.selenium.remote.RemoteWebDriver.findElement(RemoteWebDriver.java:315)
at org.openqa.selenium.By$BaseW3CLocator.findElement(By.java:398)
at org.openqa.selenium.By$ByCssSelector.findElement(By.java:321)
at org.openqa.selenium.remote.RemoteWebDriver.findElement(RemoteWebDriver.java:315)
at org.openqa.selenium.By$BaseW3CLocator.findElement(By.java:398)
at org.openqa.selenium.By$ByCssSelector.findElement(By.java:321)
at org.openqa.selenium.remote.RemoteWebDriver.findElement(RemoteWebDriver.java:315)
at org.openqa.selenium.By$BaseW3CLocator.findElement(By.java:398)
at org.openqa.selenium.By$ByCssSelector.findElement(By.java:321)
at org.openqa.selenium.remote.RemoteWebDriver.findElement(RemoteWebDriver.java:315)
at org.openqa.selenium.By$BaseW3CLocator.findElement(By.java:398)
at org.openqa.selenium.By$ByCssSelector.findElement(By.java:321)
at org.openqa.selenium.remote.RemoteWebDriver.findElement(RemoteWebDriver.java:315)
at org.openqa.selenium.By$BaseW3CLocator.findElement(By.java:398)
at org.openqa.selenium.By$ByCssSelector.findElement(By.java:321)
at org.openqa.selenium.remote.RemoteWebDriver.findElement(RemoteWebDriver.java:315)
at org.openqa.selenium.By$BaseW3CLocator.findElement(By.java:398)
at org.openqa.selenium.By$ByCssSelector.findElement(By.java:321)
at org.openqa.selenium.remote.RemoteWebDriver.findElement(RemoteWebDriver.java:315)
at org.openqa.selenium.By$BaseW3CLocator.findElement(By.java:398)
at org.openqa.selenium.By$ByCssSelector.findElement(By.java:321)
at org.openqa.selenium.remote.RemoteWebDriver.findElement(RemoteWebDriver.java:315)
at org.openqa.selenium.By$BaseW3CLocator.findElement(By.java:398)
at org.openqa.selenium.By$ByCssSelector.findElement(By.java:321)
at org.openqa.selenium.remote.RemoteWebDriver.findElement(RemoteWebDriver.java:315)
at org.openqa.selenium.By$BaseW3CLocator.findElement(By.java:398)
at org.openqa.selenium.By$ByCssSelector.findElement(By.java:321)
at org.openqa.selenium.remote.RemoteWebDriver.findElement(RemoteWebDriver.java:315)
at org.openqa.selenium.By$BaseW3CLocator.findElement(By.java:398)
at org.openqa.selenium.By$ByCssSelector.findElement(By.java:321)
at org.openqa.selenium.remote.RemoteWebDriver.findElement(RemoteWebDriver.java:315)
at org.openqa.selenium.By$BaseW3CLocator.findElement(By.java:398)
at org.openqa.selenium.By$ByCssSelector.findElement(By.java:321)
at org.openqa.selenium.remote.RemoteWebDriver.findElement(RemoteWebDriver.java:315)
at org.openqa.selenium.By$BaseW3CLocator.findElement(By.java:398)
at org.openqa.selenium.By$ByCssSelector.findElement(By.java:321)
at org.openqa.selenium.remote.RemoteWebDriver.findElement(RemoteWebDriver.java:315)
at org.openqa.selenium.By$BaseW3CLocator.findElement(By.java:398)
at org.openqa.selenium.By$ByCssSelector.findElement(By.java:321)
at org.openqa.selenium.remote.RemoteWebDriver.findElement(RemoteWebDriver.java:315)
at org.openqa.selenium.By$BaseW3CLocator.findElement(By.java:398)
at org.openqa.selenium.By$ByCssSelector.findElement(By.java:321)
at org.openqa.selenium.remote.RemoteWebDriver.findElement(RemoteWebDriver.java:315)
at org.openqa.selenium.By$BaseW3CLocator.findElement(By.java:398)
at org.openqa.selenium.By$ByCssSelector.findElement(By.java:321)
at org.openqa.selenium.remote.RemoteWebDriver.findElement(RemoteWebDriver.java:315)
at org.openqa.selenium.By$BaseW3CLocator.findElement(By.java:398)
at org.openqa.selenium.By$ByCssSelector.findElement(By.java:321)
at org.openqa.selenium.remote.RemoteWebDriver.findElement(RemoteWebDriver.java:315)
at org.openqa.selenium.By$BaseW3CLocator.findElement(By.java:398)
at org.openqa.selenium.By$ByCssSelector.findElement(By.java:321)
at org.openqa.selenium.remote.RemoteWebDriver.findElement(RemoteWebDriver.java:315)
at org.openqa.selenium.By$BaseW3CLocator.findElement(By.java:398)
at org.openqa.selenium.By$ByCssSelector.findElement(By.java:321)
at org.openqa.selenium.remote.RemoteWebDriver.findElement(RemoteWebDriver.java:315)
at org.openqa.selenium.By$BaseW3CLocator.findElement(By.java:398)
at org.openqa.selenium.By$ByCssSelector.findElement(By.java:321)
at org.openqa.selenium.remote.RemoteWebDriver.findElement(RemoteWebDriver.java:315)
at org.openqa.selenium.By$BaseW3CLocator.findElement(By.java:398)
at org.openqa.selenium.By$ByCssSelector.findElement(By.java:321)
at org.openqa.selenium.remote.RemoteWebDriver.findElement(RemoteWebDriver.java:315)
at org.openqa.selenium.By$BaseW3CLocator.findElement(By.java:398)
at org.openqa.selenium.By$ByCssSelector.findElement(By.java:321)
at org.openqa.selenium.remote.RemoteWebDriver.findElement(RemoteWebDriver.java:315)
at org.openqa.selenium.By$BaseW3CLocator.findElement(By.java:398)
at org.openqa.selenium.By$ByCssSelector.findElement(By.java:321)
at org.openqa.selenium.remote.RemoteWebDriver.findElement(RemoteWebDriver.java:315)
at org.openqa.selenium.By$BaseW3CLocator.findElement(By.java:398)
at org.openqa.selenium.By$ByCssSelector.findElement(By.java:321)
at org.openqa.selenium.remote.RemoteWebDriver.findElement(RemoteWebDriver.java:315)
at org.openqa.selenium.By$BaseW3CLocator.findElement(By.java:398)
at org.openqa.selenium.By$ByCssSelector.findElement(By.java:321)
at org.openqa.selenium.remote.RemoteWebDriver.findElement(RemoteWebDriver.java:315)
at org.openqa.selenium.By$BaseW3CLocator.findElement(By.java:398)
at org.openqa.selenium.By$ByCssSelector.findElement(By.java:321)
at org.openqa.selenium.remote.RemoteWebDriver.findElement(RemoteWebDriver.java:315)
at org.openqa.selenium.By$BaseW3CLocator.findElement(By.java:398)
at org.openqa.selenium.By$ByCssSelector.findElement(By.java:321)
at org.openqa.selenium.remote.RemoteWebDriver.findElement(RemoteWebDriver.java:315)
at org.openqa.selenium.By$BaseW3CLocator.findElement(By.java:398)
at org.openqa.selenium.By$ByCssSelector.findElement(By.java:321)
at org.openqa.selenium.remote.RemoteWebDriver.findElement(RemoteWebDriver.java:315)
at org.openqa.selenium.By$BaseW3CLocator.findElement(By.java:398)
at org.openqa.selenium.By$ByCssSelector.findElement(By.java:321)
at org.openqa.selenium.remote.RemoteWebDriver.findElement(RemoteWebDriver.java:315)
at org.openqa.selenium.By$BaseW3CLocator.findElement(By.java:398)
at org.openqa.selenium.By$ByCssSelector.findElement(By.java:321)
at org.openqa.selenium.remote.RemoteWebDriver.findElement(RemoteWebDriver.java:315)
at org.openqa.selenium.By$BaseW3CLocator.findElement(By.java:398)
at org.openqa.selenium.By$ByCssSelector.findElement(By.java:321)
at org.openqa.selenium.remote.RemoteWebDriver.findElement(RemoteWebDriver.java:315)
at org.openqa.selenium.By$BaseW3CLocator.findElement(By.java:398)
at org.openqa.selenium.By$ByCssSelector.findElement(By.java:321)
at org.openqa.selenium.remote.RemoteWebDriver.findElement(RemoteWebDriver.java:315)
at org.openqa.selenium.By$BaseW3CLocator.findElement(By.java:398)
at org.openqa.selenium.By$ByCssSelector.findElement(By.java:321)
at org.openqa.selenium.remote.RemoteWebDriver.findElement(RemoteWebDriver.java:315)
at org.openqa.selenium.By$BaseW3CLocator.findElement(By.java:398)
at org.openqa.selenium.By$ByCssSelector.findElement(By.java:321)
at org.openqa.selenium.remote.RemoteWebDriver.findElement(RemoteWebDriver.java:315)
at org.openqa.selenium.By$BaseW3CLocator.findElement(By.java:398)
at org.openqa.selenium.By$ByCssSelector.findElement(By.java:321)
at org.openqa.selenium.remote.RemoteWebDriver.findElement(RemoteWebDriver.java:315)
at org.openqa.selenium.By$BaseW3CLocator.findElement(By.java:398)
at org.openqa.selenium.By$ByCssSelector.findElement(By.java:321)
at org.openqa.selenium.remote.RemoteWebDriver.findElement(RemoteWebDriver.java:315)
at org.openqa.selenium.By$BaseW3CLocator.findElement(By.java:398)
at org.openqa.selenium.By$ByCssSelector.findElement(By.java:321)
at org.openqa.selenium.remote.RemoteWebDriver.findElement(RemoteWebDriver.java:315)
at org.openqa.selenium.By$BaseW3CLocator.findElement(By.java:398)
at org.openqa.selenium.By$ByCssSelector.findElement(By.java:321)
at org.openqa.selenium.remote.RemoteWebDriver.findElement(RemoteWebDriver.java:315)
at org.openqa.selenium.By$BaseW3CLocator.findElement(By.java:398)
at org.openqa.selenium.By$ByCssSelector.findElement(By.java:321)
at org.openqa.selenium.remote.RemoteWebDriver.findElement(RemoteWebDriver.java:315)
at org.openqa.selenium.By$BaseW3CLocator.findElement(By.java:398)
at org.openqa.selenium.By$ByCssSelector.findElement(By.java:321)
at org.openqa.selenium.remote.RemoteWebDriver.findElement(RemoteWebDriver.java:315)
at org.openqa.selenium.By$BaseW3CLocator.findElement(By.java:398)
at org.openqa.selenium.By$ByCssSelector.findElement(By.java:321)
at org.openqa.selenium.remote.RemoteWebDriver.findElement(RemoteWebDriver.java:315)
at org.openqa.selenium.By$BaseW3CLocator.findElement(By.java:398)
at org.openqa.selenium.By$ByCssSelector.findElement(By.java:321)
at org.openqa.selenium.remote.RemoteWebDriver.findElement(RemoteWebDriver.java:315)
at org.openqa.selenium.By$BaseW3CLocator.findElement(By.java:398)
at org.openqa.selenium.By$ByCssSelector.findElement(By.java:321)
at org.openqa.selenium.remote.RemoteWebDriver.findElement(RemoteWebDriver.java:315)
at org.openqa.selenium.By$BaseW3CLocator.findElement(By.java:398)
at org.openqa.selenium.By$ByCssSelector.findElement(By.java:321)
at org.openqa.selenium.remote.RemoteWebDriver.findElement(RemoteWebDriver.java:315)
at org.openqa.selenium.By$BaseW3CLocator.findElement(By.java:398)
at org.openqa.selenium.By$ByCssSelector.findElement(By.java:321)
at org.openqa.selenium.remote.RemoteWebDriver.findElement(RemoteWebDriver.java:315)
at org.openqa.selenium.By$BaseW3CLocator.findElement(By.java:398)
at org.openqa.selenium.By$ByCssSelector.findElement(By.java:321)
at org.openqa.selenium.remote.RemoteWebDriver.findElement(RemoteWebDriver.java:315)
at org.openqa.selenium.By$BaseW3CLocator.findElement(By.java:398)
at org.openqa.selenium.By$ByCssSelector.findElement(By.java:321)
at org.openqa.selenium.remote.RemoteWebDriver.findElement(RemoteWebDriver.java:315)
at org.openqa.selenium.By$BaseW3CLocator.findElement(By.java:398)
at org.openqa.selenium.By$ByCssSelector.findElement(By.java:321)
at org.openqa.selenium.remote.RemoteWebDriver.findElement(RemoteWebDriver.java:315)
at org.openqa.selenium.By$BaseW3CLocator.findElement(By.java:398)
at org.openqa.selenium.By$ByCssSelector.findElement(By.java:321)
at org.openqa.selenium.remote.RemoteWebDriver.findElement(RemoteWebDriver.java:315)
at org.openqa.selenium.By$BaseW3CLocator.findElement(By.java:398)
at org.openqa.selenium.By$ByCssSelector.findElement(By.java:321)
at org.openqa.selenium.remote.RemoteWebDriver.findElement(RemoteWebDriver.java:315)
at org.openqa.selenium.By$BaseW3CLocator.findElement(By.java:398)
at org.openqa.selenium.By$ByCssSelector.findElement(By.java:321)
at org.openqa.selenium.remote.RemoteWebDriver.findElement(RemoteWebDriver.java:315)
at org.openqa.selenium.By$BaseW3CLocator.findElement(By.java:398)
at org.openqa.selenium.By$ByCssSelector.findElement(By.java:321)
at org.openqa.selenium.remote.RemoteWebDriver.findElement(RemoteWebDriver.java:315)
at org.openqa.selenium.By$BaseW3CLocator.findElement(By.java:398)
at org.openqa.selenium.By$ByCssSelector.findElement(By.java:321)
at org.openqa.selenium.remote.RemoteWebDriver.findElement(RemoteWebDriver.java:315)
at org.openqa.selenium.By$BaseW3CLocator.findElement(By.java:398)
at org.openqa.selenium.By$ByCssSelector.findElement(By.java:321)
at org.openqa.selenium.remote.RemoteWebDriver.findElement(RemoteWebDriver.java:315)
at org.openqa.selenium.By$BaseW3CLocator.findElement(By.java:398)
at org.openqa.selenium.By$ByCssSelector.findElement(By.java:321)
at org.openqa.selenium.remote.RemoteWebDriver.findElement(RemoteWebDriver.java:315)
at org.openqa.selenium.By$BaseW3CLocator.findElement(By.java:398)
at org.openqa.selenium.By$ByCssSelector.findElement(By.java:321)
at org.openqa.selenium.remote.RemoteWebDriver.findElement(RemoteWebDriver.java:315)
at org.openqa.selenium.By$BaseW3CLocator.findElement(By.java:398)
at org.openqa.selenium.By$ByCssSelector.findElement(By.java:321)
at org.openqa.selenium.remote.RemoteWebDriver.findElement(RemoteWebDriver.java:315)
at org.openqa.selenium.By$BaseW3CLocator.findElement(By.java:398)
at org.openqa.selenium.By$ByCssSelector.findElement(By.java:321)
at org.openqa.selenium.remote.RemoteWebDriver.findElement(RemoteWebDriver.java:315)
at org.openqa.selenium.By$BaseW3CLocator.findElement(By.java:398)
at org.openqa.selenium.By$ByCssSelector.findElement(By.java:321)
at org.openqa.selenium.remote.RemoteWebDriver.findElement(RemoteWebDriver.java:315)
at org.openqa.selenium.By$BaseW3CLocator.findElement(By.java:398)
at org.openqa.selenium.By$ByCssSelector.findElement(By.java:321)
at org.openqa.selenium.remote.RemoteWebDriver.findElement(RemoteWebDriver.java:315)
at org.openqa.selenium.By$BaseW3CLocator.findElement(By.java:398)
at org.openqa.selenium.By$ByCssSelector.findElement(By.java:321)
at org.openqa.selenium.remote.RemoteWebDriver.findElement(RemoteWebDriver.java:315)
at org.openqa.selenium.By$BaseW3CLocator.findElement(By.java:398)
at org.openqa.selenium.By$ByCssSelector.findElement(By.java:321)
at org.openqa.selenium.remote.RemoteWebDriver.findElement(RemoteWebDriver.java:315)
at org.openqa.selenium.By$BaseW3CLocator.findElement(By.java:398)
at org.openqa.selenium.By$ByCssSelector.findElement(By.java:321)
at org.openqa.selenium.remote.RemoteWebDriver.findElement(RemoteWebDriver.java:315)
at org.openqa.selenium.By$BaseW3CLocator.findElement(By.java:398)
at org.openqa.selenium.By$ByCssSelector.findElement(By.java:321)
at org.openqa.selenium.remote.RemoteWebDriver.findElement(RemoteWebDriver.java:315)
at org.openqa.selenium.By$BaseW3CLocator.findElement(By.java:398)
at org.openqa.selenium.By$ByCssSelector.findElement(By.java:321)
at org.openqa.selenium.remote.RemoteWebDriver.findElement(RemoteWebDriver.java:315)
at org.openqa.selenium.By$BaseW3CLocator.findElement(By.java:398)
at org.openqa.selenium.By$ByCssSelector.findElement(By.java:321)
at org.openqa.selenium.remote.RemoteWebDriver.findElement(RemoteWebDriver.java:315)
at org.openqa.selenium.By$BaseW3CLocator.findElement(By.java:398)
at org.openqa.selenium.By$ByCssSelector.findElement(By.java:321)
at org.openqa.selenium.remote.RemoteWebDriver.findElement(RemoteWebDriver.java:315)
at org.openqa.selenium.By$BaseW3CLocator.findElement(By.java:398)
at org.openqa.selenium.By$ByCssSelector.findElement(By.java:321)
at org.openqa.selenium.remote.RemoteWebDriver.findElement(RemoteWebDriver.java:315)
at org.openqa.selenium.By$BaseW3CLocator.findElement(By.java:398)
at org.openqa.selenium.By$ByCssSelector.findElement(By.java:321)
at org.openqa.selenium.remote.RemoteWebDriver.findElement(RemoteWebDriver.java:315)
at org.openqa.selenium.By$BaseW3CLocator.findElement(By.java:398)
at org.openqa.selenium.By$ByCssSelector.findElement(By.java:321)
at org.openqa.selenium.remote.RemoteWebDriver.findElement(RemoteWebDriver.java:315)
at org.openqa.selenium.By$BaseW3CLocator.findElement(By.java:398)
at org.openqa.selenium.By$ByCssSelector.findElement(By.java:321)
at org.openqa.selenium.remote.RemoteWebDriver.findElement(RemoteWebDriver.java:315)
at org.openqa.selenium.By$BaseW3CLocator.findElement(By.java:398)
at org.openqa.selenium.By$ByCssSelector.findElement(By.java:321)
at org.openqa.selenium.remote.RemoteWebDriver.findElement(RemoteWebDriver.java:315)
at org.openqa.selenium.By$BaseW3CLocator.findElement(By.java:398)
at org.openqa.selenium.By$ByCssSelector.findElement(By.java:321)
at org.openqa.selenium.remote.RemoteWebDriver.findElement(RemoteWebDriver.java:315)
at org.openqa.selenium.By$BaseW3CLocator.findElement(By.java:398)
at org.openqa.selenium.By$ByCssSelector.findElement(By.java:321)
at org.openqa.selenium.remote.RemoteWebDriver.findElement(RemoteWebDriver.java:315)
at org.openqa.selenium.By$BaseW3CLocator.findElement(By.java:398)
at org.openqa.selenium.By$ByCssSelector.findElement(By.java:321)
at org.openqa.selenium.remote.RemoteWebDriver.findElement(RemoteWebDriver.java:315)
at org.openqa.selenium.By$BaseW3CLocator.findElement(By.java:398)
at org.openqa.selenium.By$ByCssSelector.findElement(By.java:321)
at org.openqa.selenium.remote.RemoteWebDriver.findElement(RemoteWebDriver.java:315)
at org.openqa.selenium.By$BaseW3CLocator.findElement(By.java:398)
at org.openqa.selenium.By$ByCssSelector.findElement(By.java:321)
at org.openqa.selenium.remote.RemoteWebDriver.findElement(RemoteWebDriver.java:315)
at org.openqa.selenium.By$BaseW3CLocator.findElement(By.java:398)
at org.openqa.selenium.By$ByCssSelector.findElement(By.java:321)
at org.openqa.selenium.remote.RemoteWebDriver.findElement(RemoteWebDriver.java:315)
at org.openqa.selenium.By$BaseW3CLocator.findElement(By.java:398)
at org.openqa.selenium.By$ByCssSelector.findElement(By.java:321)
at org.openqa.selenium.remote.RemoteWebDriver.findElement(RemoteWebDriver.java:315)
at org.openqa.selenium.By$BaseW3CLocator.findElement(By.java:398)
at org.openqa.selenium.By$ByCssSelector.findElement(By.java:321)
at org.openqa.selenium.remote.RemoteWebDriver.findElement(RemoteWebDriver.java:315)
at org.openqa.selenium.By$BaseW3CLocator.findElement(By.java:398)
at org.openqa.selenium.By$ByCssSelector.findElement(By.java:321)
at org.openqa.selenium.remote.RemoteWebDriver.findElement(RemoteWebDriver.java:315)
at org.openqa.selenium.By$BaseW3CLocator.findElement(By.java:398)
at org.openqa.selenium.By$ByCssSelector.findElement(By.java:321)
at org.openqa.selenium.remote.RemoteWebDriver.findElement(RemoteWebDriver.java:315)
at org.openqa.selenium.By$BaseW3CLocator.findElement(By.java:398)
at org.openqa.selenium.By$ByCssSelector.findElement(By.java:321)
at org.openqa.selenium.remote.RemoteWebDriver.findElement(RemoteWebDriver.java:315)
at org.openqa.selenium.By$BaseW3CLocator.findElement(By.java:398)
at org.openqa.selenium.By$ByCssSelector.findElement(By.java:321)
at org.openqa.selenium.remote.RemoteWebDriver.findElement(RemoteWebDriver.java:315)
at org.openqa.selenium.By$BaseW3CLocator.findElement(By.java:398)
at org.openqa.selenium.By$ByCssSelector.findElement(By.java:321)
at org.openqa.selenium.remote.RemoteWebDriver.findElement(RemoteWebDriver.java:315)
at org.openqa.selenium.By$BaseW3CLocator.findElement(By.java:398)
at org.openqa.selenium.By$ByCssSelector.findElement(By.java:321)
at org.openqa.selenium.remote.RemoteWebDriver.findElement(RemoteWebDriver.java:315)
at org.openqa.selenium.By$BaseW3CLocator.findElement(By.java:398)
at org.openqa.selenium.By$ByCssSelector.findElement(By.java:321)
at org.openqa.selenium.remote.RemoteWebDriver.findElement(RemoteWebDriver.java:315)
at org.openqa.selenium.By$BaseW3CLocator.findElement(By.java:398)
at org.openqa.selenium.By$ByCssSelector.findElement(By.java:321)
at org.openqa.selenium.remote.RemoteWebDriver.findElement(RemoteWebDriver.java:315)
at org.openqa.selenium.By$BaseW3CLocator.findElement(By.java:398)
at org.openqa.selenium.By$ByCssSelector.findElement(By.java:321)
at org.openqa.selenium.remote.RemoteWebDriver.findElement(RemoteWebDriver.java:315)
at org.openqa.selenium.By$BaseW3CLocator.findElement(By.java:398)
at org.openqa.selenium.By$ByCssSelector.findElement(By.java:321)
at org.openqa.selenium.remote.RemoteWebDriver.findElement(RemoteWebDriver.java:315)
at org.openqa.selenium.By$BaseW3CLocator.findElement(By.java:398)
at org.openqa.selenium.By$ByCssSelector.findElement(By.java:321)
at org.openqa.selenium.remote.RemoteWebDriver.findElement(RemoteWebDriver.java:315)
at org.openqa.selenium.By$BaseW3CLocator.findElement(By.java:398)
at org.openqa.selenium.By$ByCssSelector.findElement(By.java:321)
at org.openqa.selenium.remote.RemoteWebDriver.findElement(RemoteWebDriver.java:315)
at org.openqa.selenium.By$BaseW3CLocator.findElement(By.java:398)
at org.openqa.selenium.By$ByCssSelector.findElement(By.java:321)
at org.openqa.selenium.remote.RemoteWebDriver.findElement(RemoteWebDriver.java:315)
at org.openqa.selenium.By$BaseW3CLocator.findElement(By.java:398)
at org.openqa.selenium.By$ByCssSelector.findElement(By.java:321)
at org.openqa.selenium.remote.RemoteWebDriver.findElement(RemoteWebDriver.java:315)
at org.openqa.selenium.By$BaseW3CLocator.findElement(By.java:398)
at org.openqa.selenium.By$ByCssSelector.findElement(By.java:321)
at org.openqa.selenium.remote.RemoteWebDriver.findElement(RemoteWebDriver.java:315)
at org.openqa.selenium.By$BaseW3CLocator.findElement(By.java:398)
at org.openqa.selenium.By$ByCssSelector.findElement(By.java:321)
at org.openqa.selenium.remote.RemoteWebDriver.findElement(RemoteWebDriver.java:315)
at org.openqa.selenium.By$BaseW3CLocator.findElement(By.java:398)
at org.openqa.selenium.By$ByCssSelector.findElement(By.java:321)
at org.openqa.selenium.remote.RemoteWebDriver.findElement(RemoteWebDriver.java:315)
at org.openqa.selenium.By$BaseW3CLocator.findElement(By.java:398)
at org.openqa.selenium.By$ByCssSelector.findElement(By.java:321)
at org.openqa.selenium.remote.RemoteWebDriver.findElement(RemoteWebDriver.java:315)
at org.openqa.selenium.By$BaseW3CLocator.findElement(By.java:398)
at org.openqa.selenium.By$ByCssSelector.findElement(By.java:321)
at org.openqa.selenium.remote.RemoteWebDriver.findElement(RemoteWebDriver.java:315)
at org.openqa.selenium.By$BaseW3CLocator.findElement(By.java:398)
at org.openqa.selenium.By$ByCssSelector.findElement(By.java:321)
at org.openqa.selenium.remote.RemoteWebDriver.findElement(RemoteWebDriver.java:315)
at org.openqa.selenium.By$BaseW3CLocator.findElement(By.java:398)
at org.openqa.selenium.By$ByCssSelector.findElement(By.java:321)
at org.openqa.selenium.remote.RemoteWebDriver.findElement(RemoteWebDriver.java:315)
at org.openqa.selenium.By$BaseW3CLocator.findElement(By.java:398)
at org.openqa.selenium.By$ByCssSelector.findElement(By.java:321)
at org.openqa.selenium.remote.RemoteWebDriver.findElement(RemoteWebDriver.java:315)
at org.openqa.selenium.By$BaseW3CLocator.findElement(By.java:398)
at org.openqa.selenium.By$ByCssSelector.findElement(By.java:321)
at org.openqa.selenium.remote.RemoteWebDriver.findElement(RemoteWebDriver.java:315)
at org.openqa.selenium.By$BaseW3CLocator.findElement(By.java:398)
at org.openqa.selenium.By$ByCssSelector.findElement(By.java:321)
at org.openqa.selenium.remote.RemoteWebDriver.findElement(RemoteWebDriver.java:315)
at org.openqa.selenium.By$BaseW3CLocator.findElement(By.java:398)
at org.openqa.selenium.By$ByCssSelector.findElement(By.java:321)
at org.openqa.selenium.remote.RemoteWebDriver.findElement(RemoteWebDriver.java:315)
at org.openqa.selenium.By$BaseW3CLocator.findElement(By.java:398)
at org.openqa.selenium.By$ByCssSelector.findElement(By.java:321)
at org.openqa.selenium.remote.RemoteWebDriver.findElement(RemoteWebDriver.java:315)
at org.openqa.selenium.By$BaseW3CLocator.findElement(By.java:398)
at org.openqa.selenium.By$ByCssSelector.findElement(By.java:321)
at org.openqa.selenium.remote.RemoteWebDriver.findElement(RemoteWebDriver.java:315)
at org.openqa.selenium.By$BaseW3CLocator.findElement(By.java:398)
at org.openqa.selenium.By$ByCssSelector.findElement(By.java:321)
at org.openqa.selenium.remote.RemoteWebDriver.findElement(RemoteWebDriver.java:315)
at org.openqa.selenium.By$BaseW3CLocator.findElement(By.java:398)
at org.openqa.selenium.By$ByCssSelector.findElement(By.java:321)
at org.openqa.selenium.remote.RemoteWebDriver.findElement(RemoteWebDriver.java:315)
at org.openqa.selenium.By$BaseW3CLocator.findElement(By.java:398)
at org.openqa.selenium.By$ByCssSelector.findElement(By.java:321)
at org.openqa.selenium.remote.RemoteWebDriver.findElement(RemoteWebDriver.java:315)
at org.openqa.selenium.By$BaseW3CLocator.findElement(By.java:398)
at org.openqa.selenium.By$ByCssSelector.findElement(By.java:321)
at org.openqa.selenium.remote.RemoteWebDriver.findElement(RemoteWebDriver.java:315)
at org.openqa.selenium.By$BaseW3CLocator.findElement(By.java:398)
at org.openqa.selenium.By$ByCssSelector.findElement(By.java:321)
at org.openqa.selenium.remote.RemoteWebDriver.findElement(RemoteWebDriver.java:315)
at org.openqa.selenium.By$BaseW3CLocator.findElement(By.java:398)
at org.openqa.selenium.By$ByCssSelector.findElement(By.java:321)
at org.openqa.selenium.remote.RemoteWebDriver.findElement(RemoteWebDriver.java:315)
at org.openqa.selenium.By$BaseW3CLocator.findElement(By.java:398)
at org.openqa.selenium.By$ByCssSelector.findElement(By.java:321)
at org.openqa.selenium.remote.RemoteWebDriver.findElement(RemoteWebDriver.java:315)
at org.openqa.selenium.By$BaseW3CLocator.findElement(By.java:398)
at org.openqa.selenium.By$ByCssSelector.findElement(By.java:321)
at org.openqa.selenium.remote.RemoteWebDriver.findElement(RemoteWebDriver.java:315)
at org.openqa.selenium.By$BaseW3CLocator.findElement(By.java:398)
at org.openqa.selenium.By$ByCssSelector.findElement(By.java:321)
at org.openqa.selenium.remote.RemoteWebDriver.findElement(RemoteWebDriver.java:315)
at org.openqa.selenium.By$BaseW3CLocator.findElement(By.java:398)
at org.openqa.selenium.By$ByCssSelector.findElement(By.java:321)
at org.openqa.selenium.remote.RemoteWebDriver.findElement(RemoteWebDriver.java:315)
at org.openqa.selenium.By$BaseW3CLocator.findElement(By.java:398)
at org.openqa.selenium.By$ByCssSelector.findElement(By.java:321)
at org.openqa.selenium.remote.RemoteWebDriver.findElement(RemoteWebDriver.java:315)
at org.openqa.selenium.By$BaseW3CLocator.findElement(By.java:398)
at org.openqa.selenium.By$ByCssSelector.findElement(By.java:321)
at org.openqa.selenium.remote.RemoteWebDriver.findElement(RemoteWebDriver.java:315)
at org.openqa.selenium.By$BaseW3CLocator.findElement(By.java:398)
at org.openqa.selenium.By$ByCssSelector.findElement(By.java:321)
at org.openqa.selenium.remote.RemoteWebDriver.findElement(RemoteWebDriver.java:315)
at org.openqa.selenium.By$BaseW3CLocator.findElement(By.java:398)
at org.openqa.selenium.By$ByCssSelector.findElement(By.java:321)
at org.openqa.selenium.remote.RemoteWebDriver.findElement(RemoteWebDriver.java:315)
at org.openqa.selenium.By$BaseW3CLocator.findElement(By.java:398)
at org.openqa.selenium.By$ByCssSelector.findElement(By.java:321)
at org.openqa.selenium.remote.RemoteWebDriver.findElement(RemoteWebDriver.java:315)
at org.openqa.selenium.By$BaseW3CLocator.findElement(By.java:398)
at org.openqa.selenium.By$ByCssSelector.findElement(By.java:321)
at org.openqa.selenium.remote.RemoteWebDriver.findElement(RemoteWebDriver.java:315)
at org.openqa.selenium.By$BaseW3CLocator.findElement(By.java:398)
at org.openqa.selenium.By$ByCssSelector.findElement(By.java:321)
at org.openqa.selenium.remote.RemoteWebDriver.findElement(RemoteWebDriver.java:315)
at org.openqa.selenium.By$BaseW3CLocator.findElement(By.java:398)
at org.openqa.selenium.By$ByCssSelector.findElement(By.java:321)
at org.openqa.selenium.remote.RemoteWebDriver.findElement(RemoteWebDriver.java:315)
at org.openqa.selenium.By$BaseW3CLocator.findElement(By.java:398)
at org.openqa.selenium.By$ByCssSelector.findElement(By.java:321)
at org.openqa.selenium.remote.RemoteWebDriver.findElement(RemoteWebDriver.java:315)
at org.openqa.selenium.By$BaseW3CLocator.findElement(By.java:398)
at org.openqa.selenium.By$ByCssSelector.findElement(By.java:321)
at org.openqa.selenium.remote.RemoteWebDriver.findElement(RemoteWebDriver.java:315)
at org.openqa.selenium.By$BaseW3CLocator.findElement(By.java:398)
at org.openqa.selenium.By$ByCssSelector.findElement(By.java:321)
at org.openqa.selenium.remote.RemoteWebDriver.findElement(RemoteWebDriver.java:315)
at org.openqa.selenium.By$BaseW3CLocator.findElement(By.java:398)
at org.openqa.selenium.By$ByCssSelector.findElement(By.java:321)
at org.openqa.selenium.remote.RemoteWebDriver.findElement(RemoteWebDriver.java:315)
at org.openqa.selenium.By$BaseW3CLocator.findElement(By.java:398)
at org.openqa.selenium.By$ByCssSelector.findElement(By.java:321)
at org.openqa.selenium.remote.RemoteWebDriver.findElement(RemoteWebDriver.java:315)
at org.openqa.selenium.By$BaseW3CLocator.findElement(By.java:398)
at org.openqa.selenium.By$ByCssSelector.findElement(By.java:321)
at org.openqa.selenium.remote.RemoteWebDriver.findElement(RemoteWebDriver.java:315)
at org.openqa.selenium.By$BaseW3CLocator.findElement(By.java:398)
at org.openqa.selenium.By$ByCssSelector.findElement(By.java:321)
at org.openqa.selenium.remote.RemoteWebDriver.findElement(RemoteWebDriver.java:315)
at org.openqa.selenium.By$BaseW3CLocator.findElement(By.java:398)
at org.openqa.selenium.By$ByCssSelector.findElement(By.java:321)
at org.openqa.selenium.remote.RemoteWebDriver.findElement(RemoteWebDriver.java:315)
at org.openqa.selenium.By$BaseW3CLocator.findElement(By.java:398)
at org.openqa.selenium.By$ByCssSelector.findElement(By.java:321)
at org.openqa.selenium.remote.RemoteWebDriver.findElement(RemoteWebDriver.java:315)
at org.openqa.selenium.By$BaseW3CLocator.findElement(By.java:398)
at org.openqa.selenium.By$ByCssSelector.findElement(By.java:321)
at org.openqa.selenium.remote.RemoteWebDriver.findElement(RemoteWebDriver.java:315)
at org.openqa.selenium.By$BaseW3CLocator.findElement(By.java:398)
at org.openqa.selenium.By$ByCssSelector.findElement(By.java:321)
at org.openqa.selenium.remote.RemoteWebDriver.findElement(RemoteWebDriver.java:315)
at org.openqa.selenium.By$BaseW3CLocator.findElement(By.java:398)
at org.openqa.selenium.By$ByCssSelector.findElement(By.java:321)
at org.openqa.selenium.remote.RemoteWebDriver.findElement(RemoteWebDriver.java:315)
at org.openqa.selenium.By$BaseW3CLocator.findElement(By.java:398)
at org.openqa.selenium.By$ByCssSelector.findElement(By.java:321)
at org.openqa.selenium.remote.RemoteWebDriver.findElement(RemoteWebDriver.java:315)
at org.openqa.selenium.By$BaseW3CLocator.findElement(By.java:398)
]]>
    </failure>
  </testcase> <!-- submitOrder -->
</testsuite> <!-- ErrorValidation Tests -->
