<?xml version="1.0" encoding="UTF-8"?>
<!-- Generated by org.testng.reporters.JUnitXMLReporter -->
<testsuite ignored="5" hostname="DESKTOP-HDB50OV" failures="0" tests="1" name="Test" time="0.092" errors="0" timestamp="2024-04-21T14:39:22 SGT">
  <testcase classname="TestNgPractice.TestAnnotations4" name="Pay" time="0.018"/>
  <testcase classname="TestNgPractice.TestAnnotations4" name="Home" time="0.0">
    <ignored/>
  </testcase> <!-- Home -->
  <testcase classname="TestNgPractice.TestAnnotations4" name="Logout" time="0.0">
    <ignored/>
  </testcase> <!-- Logout -->
  <testcase classname="TestNgPractice.TestAnnotations4" name="Login1" time="0.0">
    <ignored/>
  </testcase> <!-- Login1 -->
  <testcase classname="TestNgPractice.TestAnnotations" name="Login" time="0.0">
    <ignored/>
  </testcase> <!-- Login -->
  <testcase classname="TestNgPractice.TestAnnotation1" name="GiveInput" time="0.0">
    <ignored/>
  </testcase> <!-- GiveInput -->
</testsuite> <!-- Test -->
