<?xml version="1.0" encoding="UTF-8"?>
<!-- Generated by org.testng.reporters.JUnitXMLReporter -->
<testsuite ignored="0" hostname="DESKTOP-HDB50OV" failures="1" tests="8" name="Test1" time="0.104" errors="0" timestamp="2024-04-21T14:39:23 SGT">
  <testcase classname="TestNgPractice.TestAnnotations" name="Login" time="0.002"/>
  <testcase classname="TestNgPractice.TestAnnotation1" name="GiveInput" time="0.002"/>
  <testcase classname="TestNgPractice.TestAnnotations4" name="Home" time="0.0">
    <failure type="org.testng.TestNGException" message="
Cannot inject @Test annotated Method [Home] with [class java.lang.String].
For more information on native dependency injection please refer to https://testng.org/#_dependency_injection">
      <![CDATA[org.testng.TestNGException: 
Cannot inject @Test annotated Method [Home] with [class java.lang.String].
For more information on native dependency injection please refer to https://testng.org/#_dependency_injection
at java.base/java.util.ArrayList.forEach(ArrayList.java:1511)
... Removed 26 stack frames]]>
    </failure>
  </testcase> <!-- Home -->
  <testcase classname="TestNgPractice.TestAnnotations4" name="Login1" time="0.002"/>
  <testcase classname="TestNgPractice.TestAnnotations4" name="Login1" time="0.001"/>
  <testcase classname="TestNgPractice.TestAnnotations4" name="Login1" time="0.013"/>
  <testcase classname="TestNgPractice.TestAnnotations4" name="Pay" time="0.002"/>
  <testcase classname="TestNgPractice.TestAnnotations4" name="Logout" time="0.0">
    <skipped/>
  </testcase> <!-- Logout -->
</testsuite> <!-- Test1 -->
